1409421895
Channel 14,Channel 15,Channel 16
19053
19001
19083
18978
19068
19000
19081
19020
19070
19039
18944
19094
18790
19086
18982
19058
19005
19059
19001
18990
18966
19025
19008
18977
19009
19044
18957
19026
19090
18989
18991
19005
19033
19098
18997
19029
18960
19094
18936
18981
19003
18983
18963
18960
18992
18985
19086
18978
19002
19069
18980
18997
19015
18986
19040
18953
19010
18955
19024
18976
19004
18978
18977
18976
19005
18955
19087
18997
19029
18975
19104
18974
18999
19022
19116
19066
19018
19023
19022
18940
19018
18996
19166
19047
19080
19004
19031
18997
19061
18989
19035
18992
19095
19092
19181
18971
19109
18991
19049
19030
19029
18972
19034
19011
18986
18954
18978
18949
19003
18925
18944
18975
18913
19029
18898
19001
18950
18973
18926
19002
18909
18924
18923
18956
18935
18982
18918
18946
18929
18980
19025
18970
18917
18933
18965
19042
18906
18996
18915
18989
18925
18996
18932
18975
18882
19006
18906
19003
18896
18933
18918
18984
18893
18958
18907
18953
18917
18962
18930
18957
18984
19053
18930
19013
18954
19018
18921
18913
18978
18921
18871
18926
18970
18917
19034
18906
18967
18915
18986
18891
18976
18937
19004
18914
19022
18773
18975
18893
19034
18949
19027
18871
19034
18926
19031
18920
19100
18913
19023
18871
19035
18954
19024
18883
19042
18912
18949
18968
18932
18930
18933
18854
18936
18918
18993
18885
18967
18921
18918
18917
18965
18898
18962
18896
19042
18893
18969
18923
19026
18973
18987
18901
19087
18974
19021
18973
19041
18922
18937
18880
18978
18899
18955
18901
18948
18911
18983
18933
19109
18917
18993
18911
18943
18889
18962
18901
18945
18920
18969
18934
19007
18900
18873
18913
18909
18913
18970
18934
18964
18963
18953
18938
19003
18945
18987
18957
18892
18925
19034
18903
19036
18918
18984
18946
19027
18918
19006
18954
18893
19020
18897
18951
18905
19050
18871
18962
19009
18890
18960
18909
19006
18913
18987
18968
18911
18915
18881
18940
19013
18895
18993
18900
18978
18871
18980
18889
18960
18888
18987
18903
18960
18906
18961
18899
18986
18905
18714
19012
18950
18940
19024
18892
18962
18914
18982
18909
18957
18896
18934
18914
18937
18885
18997
18888
18697
18971
18881
18957
18934
19034
18907
19041
18962
18960
18970
18931
19016
18936
19052
18928
19036
18938
18994
18949
18994
18918
18998
18852
18965
18882
18956
19027
18955
18969
18909
18916
19021
18848
18993
18911
19020
18890
19034
18884
19026
18929
18933
18988
18885
18843
18927
19013
18911
18991
18901
18941
18943
18923
18912
18934
18887
19075
18926
19015
18959
19019
18949
18964
18920
18976
18929
18988
18888
18779
18916
19022
18887
19042
18707
18971
18961
18901
18950
18919
18995
19029
18911
18913
18943
18887
18919
18925
18968
18889
18966
18911
18938
18907
18927
18941
18934
18986
18871
19008
18969
18898
19003
18896
18943
18898
18958
18885
18963
18926
18976
18899
19105
18928
19067
18936
18992
18681
18898
18947
18898
18952
18884
18890
18892
18974
18910
19004
18903
19009
18932
18983
18933
18902
18949
18939
18907
18997
18977
18969
18906
18997
18927
18987
18919
18923
18898
18918
18875
18978
18921
18987
18956
18922
18964
18904
18970
18899
18941
18944
18941
18887
19001
18998
18921
18997
18909
19028
18957
18995
18905
18979
18923
18997
18979
19015
18914
18946
18866
18914
18893
18999
18933
18987
19005
18922
19004
18853
18876
18902
18999
18938
18921
18945
18914
18910
19016
18938
19010
18911
18987
18917
19015
18899
18914
18695
18918
18922
19083
18957
18873
18889
19051
18967
18900
18947
18900
18918
18932
19034
18964
19093
18912
19035
18917
18911
18963
18947
18900
18946
18892
18882
18976
18926
18909
18920
18927
18948
18891
18979
18891
18965
18876
18930
19018
18970
18911
18965
18943
18881
18912
19003
18916
18998
18915
19010
18934
18968
19009
18966
18941
18982
18868
18935
18895
18975
18991
18948
18919
18918
18900
18915
19004
18888
18951
18898
19005
19095
18952
18875
18901
18941
18879
18945
18890
19009
18901
19020
18925
19024
18910
18949
18982
18915
18933
18864
18883
18845
18905
19001
18897
19002
18923
18969
18854
18938
18902
18912
18907
18989
18917
18995
18869
18946
18898
18948
18867
18926
18877
18922
18888
18900
18989
18996
18887
18962
18873
18960
18897
18901
18994
18941
18996
18909
18840
18960
18855
18949
18875
18923
18839
18994
18862
19010
18980
18884
18891
18853
18934
18842
18874
18853
18897
18963
18869
18904
18839
18944
18828
18964
18857
18952
18859
18943
18959
18856
18971
18901
18923
18873
18867
18842
19016
18875
18899
18844
18929
18855
18956
18869
18935
18858
18945
18883
18941
18874
18901
18855
18922
18857
18907
18917
18907
18845
18861
18999
18879
18921
18868
18919
18881
18935
18868
18988
18854
18975
18869
18963
18873
18975
18841
18906
18888
18974
18863
18943
18849
18982
18867
18908
18898
18859
18858
18945
18853
19047
18863
18966
18880
18961
18855
18933
18784
18961
18901
18932
18797
18844
18887
18867
18877
18838
18912
18881
18910
18866
18913
18867
18898
18861
18920
18821
19027
18852
18820
18842
18934
18953
18891
18838
18948
18838
18952
18866
18914
18816
18875
18834
18863
18969
18873
18902
18858
18938
18837
18957
18839
18941
18828
18835
18886
18954
18839
18960
18854
18867
18821
18931
18835
18909
18826
18906
18811
18965
18674
18851
18869
18883
18861
18943
18853
18848
18807
18984
18923
18876
18852
18918
18850
18849
18800
18933
18877
18929
18848
18941
18809
18926
18897
18930
18848
18951
18781
18955
18960
18862
18870
18860
18884
18794
18878
18843
18853
18862
18861
18815
18939
18856
18888
18661
18917
18846
18859
18843
18947
18873
18838
18962
18845
18929
18886
18823
18874
18933
18870
18860
18877
18848
18857
18818
18829
18849
18850
18800
18875
18808
18834
18815
18891
18843
18905
18850
18816
18977
18815
18869
18775
18877
18955
18844
18937
18862
18935
18838
19026
18845
18932
18842
18919
18833
18897
18809
18929
18812
18932
18848
18812
18887
18863
18861
18818
18863
18843
18853
18928
18833
18979
18842
18832
18923
18822
18908
18780
18908
18838
18891
18824
18901
18819
18938
18945
18836
18904
18844
19022
18816
18912
18781
18853
18820
18920
18833
18848
18838
18871
18846
18905
18854
18891
18918
18828
18859
18821
18873
18845
18850
18825
18890
18836
18916
18831
18840
18833
18829
18877
18898
18858
18858
18836
18834
18831
18844
18891
18866
18843
18914
18927
18894
18849
18873
18822
18930
18822
18939
18812
18914
18823
18875
18837
18830
18921
18889
18824
18858
18834
18865
18866
18869
18816
18845
18821
19029
18948
18839
18921
18818
18911
18821
18853
18826
18802
18827
19034
18816
18941
18821
18927
18903
18933
18813
18935
18818
18822
18983
18825
18839
18858
18957
18861
18897
18997
18949
18821
18929
18854
18867
18816
18933
18891
18922
18814
18875
18868
18905
18824
18860
18823
18904
18873
18896
18857
18859
18827
18890
18926
18783
18879
18790
18932
18826
18910
18782
18861
18839
18866
18825
18851
18842
18842
18818
18837
18873
18841
18914
18836
18853
18806
18863
18923
18833
18875
18859
18917
18818
18889
18832
18860
18823
18855
18961
18841
18850
18878
18901
18839
18918
18839
18894
18821
19033
18884
18933
18858
18953
18818
18879
18848
18968
18829
18891
18821
18950
18853
18883
18833
18895
18815
18920
18920
18827
18828
18845
18829
18856
19006
18842
18933
18809
18863
18951
18814
18882
18829
18846
18812
18893
18952
18761
18945
18842
18911
18885
18894
18829
18864
18949
18927
18823
18923
18832
18951
18845
18943
18789
18858
18794
18909
18858
18855
18813
18910
18827
18885
18810
18962
18820
18927
18807
18923
18844
18842
18809
18833
18805
18823
18945
18813
18918
18802
18811
18965
18789
18833
18797
18930
18813
18890
18821
18925
18826
18891
18832
18821
18852
18849
18831
18810
18862
18882
18809
18939
18831
18870
18801
18960
18756
18836
18841
18886
18829
18876
18816
18903
18833
18905
18845
18877
18905
18829
18922
18885
18815
18893
18814
18998
18807
18923
18898
18827
18871
18842
18927
18812
18837
18860
18935
18858
18874
18879
18821
19009
18821
18896
18937
18859
18859
18832
18790
18922
18820
18906
18816
18948
18843
18960
18851
18954
18837
18934
18957
18865
18981
18846
18907
18952
18907
18877
18845
18938
18868
18969
18838
18950
18866
18972
18846
18983
18837
18942
18866
18947
18895
18933
18849
18885
18905
18925
18873
19013
18800
18926
18879
19043
18827
19055
18857
18949
18854
18859
18989
18838
18896
18911
18878
18967
18858
18949
18890
18955
18881
18856
18890
18962
18850
18885
18833
18884
18881
18865
18983
18884
18869
18923
18940
18845
18888
18888
18813
18884
18851
18862
18866
18884
18850
19037
18925
18927
18889
18953
18868
18958
18853
18941
18844
18951
18875
18942
18871
18890
18866
18975
18886
18901
18882
18893
18863
18898
18898
18919
18816
18983
18852
18965
18845
19023
18861
18948
18856
19063
18834
18937
18861
18935
18871
18984
18916
18909
18852
18995
18730
18954
18919
18986
18863
18953
18891
18961
18875
18957
18921
18919
18890
18874
18859
18920
18845
18937
18956
18891
18997
18839
19046
18868
18925
18889
18915
18854
18915
18849
18919
18839
18900
18872
18860
18969
18906
18985
18866
18922
18859
18904
18860
18955
18849
18914
18863
18910
18884
18941
18835
18894
18896
18946
18896
18887
18873
18780
18928
18867
18839
18836
18854
18905
18836
18950
18848
18898
18859
18925
18858
18935
19002
18799
18945
18808
18907
18859
18907
18835
18829
18842
18952
18843
18948
18834
18984
18867
18946
18849
18957
18834
18952
18971
18918
18910
18793
18905
18867
18857
18861
18877
18957
18863
18917
18901
19011
18849
18841
18877
19045
18853
18921
18841
18995
18838
18926
19000
18910
18973
18885
18841
18886
18873
19050
18854
18869
18861
18953
18797
18910
18767
18945
18837
18942
18832
19005
18857
18926
18841
18890
18871
18918
18889
18897
18934
18859
18899
18816
18925
18934
18913
18861
18922
18837
18865
18888
18877
18920
18885
18952
18898
18893
18811
18950
18980
18852
18974
18889
18872
18886
18852
18884
18841
18871
18838
18853
18855
18858
18922
18898
18938
18874
18978
18845
18990
18806
18976
18650
18877
18848
18885
18668
18992
18893
18924
18857
18935
18826
18911
18832
18941
18854
19013
18861
18986
18685
18943
18853
18864
18841
18863
18996
18881
18871
18897
18829
19022
18914
18950
18814
18954
18854
18978
18868
18976
18853
18926
18847
18939
18839
18932
18856
18947
18881
18986
18850
18862
18861
18955
18845
18861
18872
18867
18899
18850
18869
18813
18862
18948
18856
18852
18999
18914
18946
18957
18847
18836
18927
18867
18870
18820
18900
18875
18964
18836
18966
18829
18921
18848
18893
18846
18891
18899
18902
18880
18853
18849
18905
18879
18875
18849
18912
18871
18866
18899
18848
18930
18853
18958
18877
18986
18888
19008
18873
18909
18888
18938
18944
18914
18848
18877
18873
18894
18860
18885
18858
18898
18862
18856
18917
18916
18845
18904
18826
18945
18959
18987
18857
18933
18876
18938
18877
18929
18842
18867
18853
18915
18941
18988
18952
18864
18982
18875
18984
18858
18919
18882
18902
18985
18856
18945
18859
18921
18848
18898
18869
19023
18848
18930
18874
18921
18958
18901
18861
18929
18872
18968
18941
18838
18843
18896
18965
18909
18913
18870
18941
18854
18986
18872
18900
18960
18860
18842
18888
18876
18912
18842
18978
18973
18922
18829
18907
18850
18900
18857
18945
18877
18886
18901
18906
18952
18902
18883
18912
18955
18845
18915
18914
18902
18853
18870
18990
18874
18998
18873
18817
18919
18859
18907
18965
18911
18843
18922
18858
18928
18909
18971
18939
18828
18911
18841
18890
18955
18858
18962
18869
18829
18965
18897
18851
18931
18830
18934
18861
18925
18861
18921
18858
18841
18970
18850
18841
19034
18833
18973
18720
18852
18842
18691
18705
18778
18770
18850
18714
18805
18813
18874
18701
18788
18723
18869
18743
18764
18725
18801
18746
18710
18732
18718
18861
18770
18701
18752
18822
18725
18797
18723
18733
18749
18742
18746
18839
18735
18799
18752
18833
18682
18821
18749
18828
18741
18827
18797
18722
18710
18705
18761
18766
18789
18716
18797
18732
18800
18757
18820
18776
18834
18739
18709
18745
18712
18765
18818
18767
18773
18797
18843
18726
18821
18809
18734
18866
18758
18785
18767
18933
18730
18786
18712
18792
18772
18793
18730
18779
18756
18837
18762
18728
18806
18696
18813
18772
18758
18807
18777
18716
18783
18715
18898
18677
18795
18720
18846
18740
18739
18789
18741
18750
18753
18783
18717
18814
18711
18815
18737
18707
18805
18809
18778
18813
18740
18819
18852
18837
18711
18887
18713
18709
18711
18942
18725
18842
18813
18820
18713
18825
18754
18937
18743
18818
18757
18813
18741
18831
18716
18751
18730
18730
18736
18749
18815
18805
18765
18704
18813
18733
18813
18736
18736
18739
18747
18829
18800
18821
18724
18789
18621
18811
18753
18758
18726
18749
18739
18716
18721
18746
18750
18717
18762
18717
18742
18858
18762
18731
18774
18764
18807
18717
18778
18715
18774
18746
18748
18739
18811
18733
18839
18721
18895
18737
18797
18744
18730
18755
18725
18731
18892
18720
18911
18677
18813
18728
18766
18773
18791
18703
18817
18718
18753
18747
18721
18722
18708
18837
18773
18726
18747
18790
18749
18823
18760
18789
18614
18856
18773
18809
18867
18742
18884
18795
18864
18770
18698
18763
18746
18820
18719
18802
18749
18797
18767
18730
18746
18806
18609
18742
18770
18727
18757
18723
18828
18776
18727
18744
18740
18853
18788
18729
18670
18714
18891
18713
18790
18720
18818
18758
18834
18767
18843
18698
18794
18602
18721
18877
18860
18711
18795
18747
18794
18715
18819
18733
18725
18891
18717
18844
18707
18846
18708
18870
18727
18849
18727
18819
18739
18831
18713
18918
18725
18852
18719
18801
18730
18823
18790
18850
18725
18792
18867
18805
18790
18811
18725
18858
18735
18834
18789
18849
18729
18798
18858
18807
18710
18795
18737
18835
18766
18811
18826
18722
18742
18741
18762
18747
18783
18701
18846
18662
18935
18781
18806
18715
18756
18706
18809
18723
18781
18699
18695
18738
18745
18725
18815
18721
18828
18742
18798
18688
18798
18682
18685
18827
18741
18816
18723
18793
18754
18728
18755
18845
18741
18785
18699
18793
18700
18823
18716
18802
18779
18741
18767
18846
18544
18803
18755
18723
18769
18802
18726
18841
18746
18820
18730
18806
18733
18845
18813
18743
18531
18831
18711
18818
18741
18801
18664
18868
18753
18810
18869
18726
18789
18801
18853
18818
18839
18738
18821
18765
18822
18702
18764
18825
18825
18738
18846
18719
18826
18730
18931
18738
18769
18752
18767
18717
18835
18717
18758
18752
18784
18721
18781
18834
18741
18812
18754
18854
18740
18782
18692
18843
18707
18749
18719
18725
18754
18770
18721
18744
18712
18745
18749
18819
18716
18859
18760
18770
18834
18802
18813
18792
18735
18805
18728
18681
18762
18741
18759
18743
18771
18766
18850
18702
18894
18710
18891
18713
18725
18795
18738
18724
18791
18821
18756
18836
18739
18789
18689
18782
18709
18795
18717
18857
18714
18790
18766
18788
18734
18838
18826
18762
18713
18795
18774
18705
18766
18721
18790
18666
18765
18726
18820
18713
18783
18750
18820
18679
18829
18727
18798
18789
18733
18781
18762
18760
18826
18697
18718
18761
18679
18724
18734
18813
18803
18807
18733
18806
18713
18808
18695
18774
18828
18766
18794
18705
18823
18721
18809
18748
18884
18740
18843
18743
18866
18739
18853
18721
18748
18764
18747
18742
18780
18705
18753
18842
18702
18826
18717
18849
18757
18814
18746
18723
18793
18846
18721
18764
18762
18845
18567
18826
18738
18746
18731
18726
18821
18705
18757
18725
18746
18699
18763
18716
18727
18677
18741
18774
18757
18758
18762
18713
18743
18735
18796
18735
18738
18688
18753
18729
18719
18751
18741
18821
18733
18821
18738
18700
18740
18799
18535
18829
18719
18785
18701
18837
18775
18731
18814
18714
18781
18730
18856
18706
18794
18715
18780
18713
18753
18833
18716
18731
18757
18671
18752
18713
18748
18756
18757
18737
18793
18715
18773
18713
18800
18732
18805
18701
18846
18746
18736
18746
18704
18877
18784
18784
18720
18743
18810
18779
18747
18853
18816
18802
18729
18803
18716
18830
18713
18794
18718
18753
18760
18745
18843
18734
18755
18689
18744
18724
18795
18724
18790
18712
18799
18717
18841
18758
18746
18729
18740
18674
18730
18776
18749
18740
18885
18741
18739
18814
18773
18781
18728
18800
18674
18794
18738
18722
18765
18770
18710
18775
18858
18769
18750
18723
18759
18682
18846
18711
18826
18811
18727
18828
18720
18722
18765
18718
18839
18809
18738
18801
18735
18799
18783
18778
18746
18721
18772
18698
18784
18739
18792
18707
18920
18726
18706
18717
18791
18727
18715
18833
18785
18788
18754
18818
18726
18760
18821
18761
18705
18715
18778
18740
18857
18731
18837
18743
18749
18746
18699
18714
18726
18673
18752
18718
18758
18738
18767
18827
18710
18850
18731
18786
18681
18737
18723
18734
18770
18675
18766
18699
18782
18725
18739
18748
18788
18737
18731
18730
18723
18721
18771
18736
18821
18723
18776
18699
18815
18752
18826
18717
18786
18722
18779
18723
18690
18759
18786
18768
18821
18722
18826
18711
18772
18733
18842
18726
18820
18695
18754
18759
18731
18770
18728
18826
18737
18825
18738
18760
18732
18787
18786
18846
18744
18840
18708
18818
18734
18820
18770
18825
18743
18723
18718
18740
18788
18705
18818
18739
18749
18733
18701
18813
18719
18846
18817
18771
18730
18767
18717
18791
18683
18744
18704
18778
18686
18756
18719
18754
18710
18766
18721
18786
18693
18785
18737
18896
18739
18762
18743
18738
18778
18743
18762
18708
18721
18721
18729
18866
18738
18810
18729
18720
18825
18731
18741
18716
18738
18715
18770
18723
18819
18730
18848
18711
18787
18706
18740
18751
18712
18814
18738
18794
18734
18802
18703
18801
18698
18754
18708
18773
18755
18757
18713
18766
18713
18796
18714
18771
18750
18669
18711
18710
18727
18717
18820
18725
18735
18705
18772
18706
18882
18685
18847
18763
18710
18741
18739
18553
18731
18755
18758
18756
18706
18741
18719
18746
18720
18714
18693
18753
18708
18802
18716
18736
18702
18760
18704
18833
18681
18748
18702
18741
18713
18807
18739
18714
18737
18831
18896
18757
18739
18771
18755
18765
18814
18765
18713
18818
18705
18712
18771
18735
18774
18705
18812
18702
18760
18740
18754
18760
18766
18719
18793
18681
18742
18845
18715
18794
18733
18809
18743
18808
18718
18713
18728
18736
18770
18734
18786
18705
18812
18757
18790
18726
18846
18717
18817
18713
18793
18712
18782
18696
18726
18783
18704
18785
18701
18683
18722
18761
18846
18741
18792
18731
18731
18601
18813
18733
18837
18705
18826
18725
18800
18690
18852
18739
18821
18709
18695
18739
18736
18734
18737
18781
18879
18717
18771
18713
18769
18708
18743
18695
18730
18797
18754
18749
18824
18711
18746
18803
18792
18736
18778
18815
18736
18791
18839
18884
18745
18815
18776
18733
18853
18703
18769
18739
18834
18748
18812
18715
18755
18824
18717
18803
18724
18790
18721
18803
18720
18807
18836
18822
18731
18808
18687
18840
18834
18717
18833
18723
18757
18711
18842
18710
18737
18688
18791
18728
18774
18644
18830
18706
18825
18729
18705
18819
18721
18750
18719
18804
18726
18743
18708
18723
18689
18770
18702
18731
18806
18723
18824
18727
18727
18695
18758
18704
18824
18683
18749
18747
18762
18728
18741
18725
18829
18708
18792
18706
18733
18689
18714
18760
18691
18760
18786
18794
18799
18740
18871
18693
18758
18724
18705
18708
18789
18720
18850
18725
18788
18699
18781
18705
18752
18807
18740
18747
18707
18830
18749
18685
18718
18718
18777
18810
18795
18699
18741
18786
18750
18661
18713
18717
18776
18683
18730
18780
18868
18713
18754
18715
18817
18817
18701
18821
18816
18833
18802
18752
18724
18733
18777
18823
18746
18818
18705
18709
18761
18739
18754
18743
18829
18716
18812
18773
18762
18755
18748
18760
18693
18770
18811
18770
18799
18705
18803
18703
18821
18716
18845
18747
18845
18728
18765
18735
18795
18744
18759
18732
18760
18742
18746
18707
18760
18679
18802
18775
18847
18756
18847
18704
18747
18721
18775
18709
18726
18742
18746
18690
18751
18699
18749
18762
18733
18718
18750
18729
18721
18797
18736
18714
18743
18818
18814
18736
18801
18745
18908
18699
18748
18707
18820
18786
18793
18705
18788
18695
18723
18715
18731
18734
18767
18747
18709
18734
18718
18740
18799
18727
18797
18738
18777
18722
18739
18806
18786
18733
18711
18763
18711
18764
18753
18786
18702
18820
18743
18819
18725
18842
18705
18731
18718
18904
18740
18809
18707
18756
18702
18739
18779
18744
18739
18732
18702
18762
18748
18793
18740
18708
18885
18710
18730
18711
18733
18717
18676
18739
18702
18785
18753
18730
18807
18741
18837
18716
18726
18757
18725
18734
18799
18772
18813
18767
18719
18773
18711
18733
18696
18788
18702
18764
18702
18766
18817
18710
18813
18734
18802
18694
18762
18729
18790
18834
18727
18718
18748
18757
18736
18813
18741
18739
18724
18733
18709
18747
18683
18789
18716
18767
18793
18729
18832
18720
18853
18831
18753
18816
18715
18702
18695
18762
18747
18767
18708
18724
18761
18725
18829
18827
18749
18780
18740
18786
18702
18813
18691
18775
18850
18702
18781
18733
18759
18744
18821
18710
18745
18709
18765
18726
18750
18710
18749
18797
18746
18824
18729
18722
18766
18711
18817
18732
18749
18724
18794
18725
18829
18716
18858
18761
18734
18737
18799
18736
18743
18696
18783
18738
18791
18713
18712
18722
18848
18790
18756
18728
18729
18729
18764
18700
18805
18692
18792
18741
18821
18709
18839
18695
18697
18889
18757
18554
18826
18732
18769
18739
18841
18727
18844
18715
18799
18763
18730
18734
18852
18761
18756
18702
18711
18746
18715
18769
18889
18692
18759
18728
18868
18735
18902
18733
18849
18709
18778
18703
18875
18693
18737
18744
18765
18693
18775
18704
18781
18747
18827
18706
18717
18717
18768
18783
18767
18698
18816
18775
18804
18750
18796
18750
18832
18852
18720
18712
18821
18760
18810
18721
18824
18799
18693
18778
18715
18749
18759
18761
18726
18742
18734
18826
18727
18744
18711
18871
18731
18829
18744
18834
18724
18810
18749
18809
18737
18763
18710
18743
18834
18803
18701
18777
18707
18725
18699
18733
18706
18754
18730
18717
18797
18721
18743
18827
18750
18809
18717
18758
18730
18823
18739
18795
18722
18754
18749
18711
18823
18807
18752
18769
18728
18810
18737
18819
18729
18802
18689
18817
18693
18835
18763
18822
18810
18674
18743
18699
18755
18782
18770
18723
18782
18717
18719
18821
18821
18770
18714
18735
18727
18789
18829
18623
18813
18766
18816
18661
18768
18718
18676
18824
18719
18769
18721
18818
18722
18796
18756
18754
18720
18720
18820
18719
18793
18727
18854
18733
18793
18763
18810
18715
18730
18705
18749
18708
18707
18830
18795
18676
18829
18732
18751
18718
18772
18711
18807
18782
18850
18557
18748
18736
18696
18715
18774
18699
18823
18713
18790
18710
18737
18686
18739
18707
18813
18700
18705
18731
18724
18738
18717
18725
18671
18790
18717
18788
18734
18740
18693
18702
18722
18789
18714
18738
18817
18731
18710
18731
18717
18746
18720
18803
18719
18702
18710
18714
18811
18755
18807
18713
18791
18752
18797
18711
18783
18741
18816
18730
18832
18710
18779
18773
18706
18690
18713
18819
18743
18800
18736
18829
18705
18789
18735
18786
18560
18908
18723
18797
18734
18781
18677
18776
18672
18722
18750
18815
18821
18731
18736
18752
18743
18717
18704
18701
18782
18727
18837
18701
18788
18692
18794
18763
18767
18702
18861
18751
18786
18742
18833
18718
18870
18728
18781
18701
18791
18742
18793
18712
18763
18725
18780
18734
18792
18704
18754
18693
18647
18746
18669
18747
18743
18776
18735
18839
18704
18781
18722
18705
18699
18800
18690
18828
18738
18821
18737
18811
18746
18770
18714
18808
18721
18753
18733
18701
18663
18695
18790
18718
18774
18770
18911
18730
18821
18733
18821
18690
18765
18682
18734
18753
18784
18817
18731
18842
18723
18798
18726
18828
18765
18717
18780
18737
18752
18713
18755
18743
18751
18755
18803
18697
18781
18720
18820
18779
18761
18738
18748
18748
18708
18747
18810
18605
18832
18721
18806
18750
18757
18699
18745
18750
18788
18729
18807
18695
18823
18757
18814
18760
18814
18682
18714
18742
18716
18836
18811
18730
18700
18799
18712
18795
18708
18783
18734
18858
18732
18760
18770
18725
18825
18686
18799
18735
18769
18745
18745
18803
18732
18769
18740
18676
18793
18740
18826
18716
18824
18742
18688
18741
18726
18785
18763
18803
18725
18760
18820
18801
18763
18715
18718
18705
18744
18729
18725
18758
18770
18710
18675
18744
18746
18803
18721
18803
18745
18853
18682
18712
18554
18737
18797
18698
18728
18710
18812
18693
18726
18721
18760
18715
18761
18693
18752
18693
18839
18711
18813
18734
18700
18839
18738
18758
18721
18827
18740
18769
18722
18849
18782
18778
18707
18820
18729
18771
18720
18825
18671
18722
18727
18717
18781
18718
18737
18666
18829
18698
18709
18731
18802
18813
18730
18674
18701
18795
18704
18770
18754
18754
18695
18729
18817
18749
18722
18647
18805
18736
18838
18712
18782
18736
18841
18742
18777
18708
18821
18727
18701
18796
18674
18841
18702
18835
18830
18717
18844
18805
18835
18803
18834
18727
18745
18693
18776
18691
18799
18694
18757
18714
18756
18720
18784
18709
18726
18839
18749
18801
18732
18813
18749
18716
18731
18773
18746
18822
18659
18789
18718
18794
18717
18775
18745
18889
18691
18757
18753
18738
18711
18759
18848
18790
18679
18780
18813
18765
18718
18751
18711
18715
18813
18727
18763
18714
18799
18742
18807
18732
18692
18759
18704
18730
18826
18644
18838
18714
18896
18726
18759
18715
18741
18775
18713
18776
18725
18813
18701
18823
18708
18834
18728
18771
18695
18717
18706
18826
18711
18807
18728
18776
18704
18736
18724
18706
18830
18743
18581
18826
18720
18823
18717
18694
18777
18686
18792
18714
18786
18705
18812
18744
18812
18754
18705
18754
18768
18770
18801
18712
18772
18681
18779
18715
18833
18706
18676
18722
18703
18761
18671
18779
18707
18744
18699
18851
18749
18812
18755
18692
18711
18677
18738
18735
18797
18902
18826
18773
18711
18826
18675
18797
18710
18704
18708
18746
18709
18844
18769
18819
18743
18760
18733
18786
18778
18767
18713
18731
18773
18711
18724
18682
18715
18826
18735
18663
18783
18696
18730
18696
18773
18767
18773
18698
18725
18792
18720
18777
18699
18737
18791
18717
18754
18704
18794
18687
18708
18755
18727
18771
18696
18839
18698
18783
18694
18807
18798
18726
18712
18739
18746
18804
18667
18858
18721
18804
18735
18702
18734
18714
18704
18676
18762
18833
18704
18714
18779
18798
18774
18669
18822
18703
18754
18752
18731
18717
18727
18657
18767
18750
18746
18779
18714
18765
18669
18737
18713
18750
18693
18689
18749
18695
18749
18746
18788
18733
18763
18719
18875
18714
18873
18725
18783
18716
18749
18701
18830
18717
18653
18605
18810
18724
18688
18726
18653
18833
18759
18714
18813
18693
18728
18683
18738
18697
18739
18740
18660
18753
18751
18682
18749
18760
18792
18727
18709
18726
18690
18704
18720
18785
18696
18782
18650
18761
18699
18767
18712
18818
18695
18789
18728
18809
18718
18825
18706
18813
18714
18648
18715
18692
18738
18671
18753
18693
18733
18814
18839
18715
18701
18801
18742
18796
18761
18689
18762
18706
18859
18715
18740
18763
18733
18680
18824
18682
18786
18623
18728
18786
18705
18769
18716
18841
18768
18708
18682
18802
18740
18688
18750
18725
18827
18750
18686
18729
18682
18735
18684
18898
18685
18779
18685
18745
18690
18766
18721
18733
18670
18544
18709
18698
18823
18682
18730
18685
18746
18733
18786
18695
18795
18708
18668
18743
18690
18722
18753
18750
18731
18742
18727
18773
18681
18760
18804
18758
18785
18698
18755
18698
18739
18678
18763
18681
18765
18706
18773
18730
18788
18735
18689
18730
18803
18681
18771
18678
18737
18695
18732
18804
18693
18748
18711
18752
18694
18742
18774
18820
18700
18795
18700
18786
18701
18794
18735
18700
18718
18688
18719
18782
18728
18678
18782
18693
18844
18689
18688
18716
18799
18729
18707
18751
18670
18802
18706
18709
18818
18669
18862
18699
18791
18716
18781
18693
18751
18693
18710
18797
18685
18814
18712
18767
18680
18693
18691
18749
18707
18751
18713
18775
18680
18778
18703
18690
18711
18712
18811
18713
18794
18693
18788
18697
18780
18672
18725
18695
18739
18719
18726
18708
18725
18776
18772
18740
18786
18708
18733
18672
18715
18690
18806
18697
18721
18720
18709
18655
18727
18681
18708
18669
18781
18706
18797
18725
18738
18569
18733
18743
18835
18747
18722
18759
18722
18773
18696
18790
18699
18800
18686
18763
18681
18782
18784
18708
18724
18755
18729
18725
18829
18702
18804
18691
18853
18684
18792
18687
18798
18662
18729
18674
18722
18697
18776
18670
18750
18703
18725
18686
18777
18687
18683
18811
18704
18704
18800
18871
18694
18816
18736
18758
18700
18766
18688
18805
18692
18821
18746
18678
18810
18796
18762
18681
18760
18685
18781
18688
18792
18669
18667
18785
18683
18785
18678
18743
18678
18714
18689
18826
18698
18717
18743
18709
18810
18731
18667
18637
18681
18766
18701
18798
18664
18757
18716
18797
18692
18806
18526
18719
18700
18702
18709
18820
18746
18726
18730
18707
18870
18685
18742
18715
18704
18674
18719
18710
18798
18706
18805
18697
18740
18705
18754
18824
18701
18814
18709
18886
18712
18822
18750
18706
18711
18740
18708
18708
18701
18762
18699
18762
18727
18858
18700
18769
18730
18726
18733
18695
18705
18674
18689
18708
18731
18722
18741
18804
18735
18716
18737
18772
18709
18809
18678
18829
18664
18778
18686
18702
18739
18722
18729
18688
18752
18713
18754
18733
18705
18803
18846
18715
18752
18786
18797
18730
18681
18834
18707
18765
18673
18769
18708
18728
18789
18679
18765
18667
18746
18641
18742
18725
18739
18732
18729
18742
18708
18704
18793
18721
18675
18701
18689
18767
18708
18899
18690
18756
18713
18813
18696
18732
18706
18767
18743
18798
18710
18766
18706
18698
18730
18802
18724
18795
18739
18797
18749
18704
18814
18669
18759
18803
18712
18762
18794
18733
18773
18729
18734
18717
18729
18680
18801
18657
18763
18748
18686
18836
18682
18734
18668
18750
18680
18716
18788
18738
18822
18759
18777
18790
18687
18717
18795
18750
18747
18685
18754
18693
18779
18730
18866
18745
18759
18693
18716
18744
18749
18777
18700
18745
18705
18826
18703
18764
18783
18754
18689
18767
18720
18703
18731
18690
18741
18699
18724
18785
18698
18748
18737
18905
18712
18787
18727
18786
18689
18746
18645
18746
18706
18759
18728
18898
18697
18840
18762
18757
18690
18754
18717
18724
18732
18732
18706
18708
18666
18706
18674
18770
18763
18735
18678
18732
18696
18763
18717
18775
18706
18753
18692
18781
18733
18769
18726
18747
18714
18713
18722
18767
18682
18827
18679
18747
18730
18677
18819
18669
18790
18760
18696
18690
18683
18716
18711
18775
18725
18749
18699
18766
18734
18707
18741
18711
18835
18605
18831
18721
18811
18708
18781
18715
18825
18700
18733
18722
18875
18742
18798
18696
18781
18688
18733
18705
18749
18715
18737
18731
18777
18691
18779
18735
18728
18678
18812
18633
18751
18741
18738
18852
18715
18771
18697
18799
18806
18708
18728
18716
18756
18735
18768
18743
18762
18738
18681
18776
18798
18762
18703
18786
18715
18850
18727
18836
18749
18836
18715
18741
18770
18817
18704
18772
18698
18710
18775
18689
18771
18700
18736
18719
18805
18743
18769
18724
18781
18685
18773
18723
18801
18701
18751
18702
18876
18723
18815
18682
18804
18710
18747
18706
18725
18832
18710
18690
18703
18708
18714
18778
18719
18792
18723
18834
18663
18700
18772
18699
18745
18717
18754
18700
18753
18677
18810
18709
18763
18717
18737
18704
18762
18666
18803
18682
18770
18654
18759
18656
18916
18722
18774
18702
18824
18694
18908
18688
18683
18829
18705
18833
18786
18797
18699
18780
18713
18736
18748
18771
18717
18696
18724
18725
18702
18691
18752
18685
18701
18805
18821
18807
18719
18839
18787
18685
18745
18685
18760
18694
18723
18799
18704
18811
18654
18850
18722
18753
18704
18794
18717
18784
18718
18793
18681
18802
18713
18723
18722
18791
18762
18685
18794
18702
18760
18683
18807
18689
18793
18698
18772
18685
18764
18743
18795
18799
18573
18772
18713
18745
18764
18729
18733
18774
18727
18823
18724
18834
18790
18721
18790
18712
18713
18800
18743
18789
18704
18775
18669
18803
18760
18710
18731
18703
18749
18707
18732
18684
18772
18818
18751
18796
18685
18799
18708
18771
18703
18793
18700
18795
18698
18792
18715
18781
18706
18795
18686
18763
18730
18814
18713
18859
18702
18745
18710
18785
18695
18724
18769
18747
18701
18749
18772
18671
18732
18729
18769
18733
18768
18686
18765
18701
18750
18683
18737
18841
18683
18786
18702
18706
18723
18748
18721
18799
18722
18694
18800
18703
18768
18764
18760
18676
18718
18852
18746
18821
18711
18804
18707
18784
18697
18761
18693
18775
18679
18725
18762
18709
18685
18698
18704
18707
18798
18698
18758
18811
18701
18802
18718
18893
18713
18676
18765
18795
18706
18724
18708
18694
18736
18694
18795
18685
18719
18739
18751
18677
18754
18704
18753
18689
18747
18699
18763
18761
18698
18808
18674
18736
18708
18723
18690
18713
18701
18734
18737
18748
18713
18798
18734
18789
18711
18838
18709
18711
18737
18699
18786
18694
18722
18686
18831
18742
18691
18841
18670
18666
18822
18719
18819
18726
18693
18768
18700
18890
18710
18826
18748
18811
18725
18677
18695
18781
18702
18664
18733
18652
18706
18816
18729
18758
18719
18742
18701
18778
18795
18793
18686
18771
18740
18693
18810
18693
18887
18718
18785
18674
18744
18552
18679
18730
18704
18733
18725
18719
18708
18840
18715
18810
18685
18743
18635
18616
18812
18691
18689
18734
18715
18805
18694
18681
18729
18713
18714
18735
18702
18740
18748
18700
18709
18737
18878
18728
18837
18718
18837
18708
18734
18767
18743
18813
18702
18709
18713
18686
18783
18696
18741
18706
18807
18692
18767
18672
18733
18717
18769
18677
18756
18692
18763
18733
18755
18714
18816
18732
18715
18738
18722
18737
18698
18800
18795
18704
18785
18697
18766
18731
18825
18705
18772
18697
18741
18710
18722
18786
18667
18759
18715
18726
18709
18852
18671
18792
18722
18762
18721
18809
18697
18747
18740
18764
18731
18845
18682
18733
18781
18814
18710
18800
18733
18677
18698
18577
18813
18706
18800
18726
18691
18748
18716
18862
18696
18823
18721
18902
18684
18781
18664
18746
18707
18703
18719
18731
18708
18783
18693
18834
18720
18808
18725
18804
18706
18677
18741
18908
18814
18797
18691
18817
18705
18679
18699
18686
18699
18668
18645
18834
18711
18806
18516
18722
18592
18807
18730
18707
18765
18713
18814
18720
18770
18652
18869
18766
18798
18724
18813
18675
18737
18717
18695
18669
18673
18765
18791
18693
18757
18690
18758
18687
18770
18691
18697
18685
18737
18717
18741
18747
18731
18689
18748
18770
18772
18772
18744
18673
18753
18725
18690
18725
18689
18697
18733
18774
18806
18717
18873
18701
18758
18683
18809
18715
18800
18734
18688
18786
18687
18733
18697
18718
18698
18720
18789
18767
18679
18761
18682
18748
18698
18817
18675
18858
18517
18853
18696
18726
18756
18730
18744
18791
18693
18814
18715
18780
18708
18731
18675
18679
18762
18708
18737
18798
18764
18708
18738
18714
18800
18690
18702
18714
18798
18727
18721
18710
18782
18646
18826
18721
18671
18692
18697
18675
18728
18818
18675
18723
18698
18698
18691
18750
18715
18774
18709
18779
18713
18813
18685
18737
18681
18761
18658
18722
18699
18671
18796
18714
18775
18737
18782
18679
18777
18680
18804
18715
18823
18706
18798
18733
18684
18690
18794
18713
18829
18860
18821
18702
18708
18759
18832
18721
18757
18698
18747
18687
18800
18709
18747
18709
18786
18710
18735
18709
18828
18691
18885
18821
18809
18778
18705
18689
18756
18689
18803
18670
18699
18681
18780
18701
18721
18637
18770
18686
18726
18713
18758
18728
18719
18805
18690
18813
18706
18672
18788
18809
18765
18731
18761
18699
18817
18720
18779
18754
18692
18769
18686
18719
18746
18731
18737
18864
18692
18756
18698
18783
18769
18748
18683
18763
18676
18763
18649
18773
18712
18803
18747
18789
18713
18754
18716
18698
18677
18806
18697
18694
18832
18642
18754
18826
18507
18800
18730
18801
18717
18778
18710
18698
18739
18725
18765
18643
18784
18663
18764
18670
18711
18899
18723
18801
18712
18781
18670
18823
18674
18696
18779
18770
18689
18727
18709
18715
18820
18799
18763
18725
18666
18661
18739
18823
18682
18778
18677
18792
18703
18728
18705
18820
18699
18852
18714
18687
18701
18744
18679
18729
18704
18741
18673
18875
18717
18829
18705
18719
18701
18739
18787
18718
18824
18690
18805
18699
18906
18577
18833
18705
18803
18724
18767
18706
18786
18702
18787
18744
18756
18693
18768
18755
18667
18751
18653
18773
18673
18771
18695
18689
18701
18661
18793
18699
18788
18707
18771
18688
18708
18685
18746
18727
18906
18671
18756
18686
18767
18776
18757
18794
18714
18801
18706
18794
18706
18750
18686
18819
18705
18798
18731
18840
18759
18718
18740
18725
18698
18693
18776
18765
18830
18713
18704
18696
18789
18671
18716
18653
18778
18713
18781
18692
18771
18758
18701
18753
18698
18797
18713
18819
18703
18828
18711
18763
18680
18779
18682
18700
18670
18695
18848
18723
18705
18699
18793
18699
18747
18703
18722
18780
18809
18707
18809
18784
18729
18779
18702
18810
18746
18681
18753
18798
18745
18788
18688
18732
18718
18714
18759
18714
18634
18745
18690
18819
18781
18737
18766
18721
18800
18754
18679
18712
18806
18715
18738
18733
18692
18721
18701
18764
18776
18701
18713
18885
18678
18832
18703
18810
18697
18778
18673
18787
18724
18753
18689
18715
18698
18791
18709
18776
18675
18730
18672
18727
18681
18764
18680
18776
18693
18698
18678
18768
18714
18708
18673
18722
18706
18815
18697
18746
18701
18747
18694
18724
18693
18708
18775
18745
18821
18669
18768
18666
18756
18642
18690
18797
18816
18685
18707
18728
18812
18686
18773
18692
18727
18680
18701
18703
18727
18720
18792
18900
18705
18714
18720
18697
18762
18693
18726
18692
18813
18700
18772
18551
18716
18690
18701
18729
18705
18672
18839
18714
18762
18722
18712
18726
18684
18738
18727
18783
18663
18762
18762
18692
18726
18718
18811
18699
18784
18703
18770
18733
18740
18736
18688
18811
18717
18901
18727
18782
18703
18738
18668
18745
18698
18811
18698
18789
18690
18699
18677
18730
18704
18679
18708
18745
18673
18801
18706
18754
18658
18813
18703
18793
18721
18711
18700
18738
18657
18682
18716
18690
18690
18726
18787
18754
18724
18677
18694
18737
18675
18742
18725
18825
18731
18806
18730
18684
18727
18702
18690
18642
18707
18679
18735
18694
18731
18789
18704
18829
18676
18831
18698
18728
18724
18726
18688
18704
18678
18659
18691
18704
18685
18710
18793
18699
18808
18683
18736
18705
18647
18702
18701
18768
18699
18818
18700
18720
18694
18705
18845
18655
18788
18709
18696
18787
18687
18758
18741
18642
18690
18683
18764
18547
18700
18724
18665
18766
18711
18789
18720
18809
18763
18669
18790
18686
18699
18666
18818
18727
18738
18731
18766
18740
18682
18807
18676
18777
18701
18799
18729
18669
18783
18729
18826
18683
18818
18681
18761
18687
18763
18729
18702
18747
18700
18766
18747
18679
18765
18797
18822
18833
18639
18793
18715
18818
18693
18692
18760
18797
18741
18677
18744
18694
18758
18682
18818
18746
18765
18756
18765
18687
18699
18770
18718
18818
18739
18779
18690
18771
18677
18725
18730
18697
18704
18747
18768
18768
18676
18754
18765
18691
18885
18691
18757
18574
18683
18652
18773
18680
18704
18688
18773
18680
18725
18705
18746
18727
18711
18777
18692
18802
18701
18629
18718
18741
18827
18683
18788
18754
18621
18799
18725
18687
18730
18733
18691
18722
18713
18825
18732
18788
18824
18704
18756
18736
18753
18705
18799
18727
18721
18815
18711
18781
18736
18685
18660
18650
18735
18778
18704
18791
18754
18699
18787
18751
18824
18721
18681
18717
18731
18773
18801
18776
18661
18504
18708
18679
18725
18706
18782
18702
18753
18695
18676
18774
18688
18717
18739
18769
18851
18675
18808
18665
18757
18676
18768
18728
18669
18713
18697
18707
18653
18695
18777
18693
18734
18716
18698
18806
18703
18808
18760
18786
18702
18812
18706
18740
18678
18714
18722
18783
18697
18738
18685
18770
18714
18767
18706
18822
18770
18691
18741
18682
18792
18711
18792
18714
18786
18701
18832
18661
18705
18780
18694
18697
18749
18720
18743
18729
18753
18705
18779
18705
18712
18776
18692
18748
18782
18688
18762
18709
18827
18711
18734
18705
18775
18717
18817
18778
18675
18738
18699
18766
18740
18640
18722
18679
18736
18691
18789
18732
18770
18709
18822
18688
18718
18701
18674
18724
18668
18738
18717
18724
18688
18888
18704
18701
18785
18713
18826
18710
18824
18725
18705
18773
18923
18724
18705
18735
18721
18801
18695
18752
18726
18795
18726
18680
18733
18741
18803
18702
18827
18516
18699
18738
18715
18813
18781
18690
18688
18725
18703
18701
18685
18774
18715
18803
18751
18682
18830
18711
18826
18691
18796
18809
18778
18717
18880
18731
18703
18765
18714
18766
18757
18704
18769
18786
18809
18762
18795
18783
18740
18681
18792
18666
18791
18711
18728
18713
18806
18699
18781
18720
18795
18757
18763
18723
18815
18717
18745
18753
18649
18774
18698
18799
18679
18704
18738
18765
18784
18688
18769
18719
18683
18748
18753
18701
18647
18774
18775
18696
18705
18725
18652
18770
18715
18833
18727
18699
18695
18683
18788
18708
18774
18695
18684
18778
18702
18811
18637
18809
18726
18734
18804
18740
18742
18726
18652
18758
18686
18764
18668
18832
18688
18745
18741
18722
18762
18670
18708
18699
18739
18707
18824
18786
18814
18728
18821
18650
18686
18724
18661
18779
18692
18763
18730
18901
18705
18792
18749
18773
18712
18870
18809
18795
18683
18750
18638
18771
18696
18800
18707
18815
18705
18707
18826
18832
18837
18706
18766
18695
18785
18650
18733
18700
18739
18700
18714
18692
18763
18652
18677
18748
18706
18783
18762
18756
18697
18724
18729
18703
18753
18709
18754
18739
18867
18691
18768
18761
18773
18722
18740
18672
18798
18710
18783
18719
18795
18757
18701
18664
18708
18713
18759
18702
18789
18717
18817
18541
18690
18697
18691
18701
18714
18726
18710
18713
18780
18712
18849
18669
18802
18698
18811
18728
18526
18721
18701
18759
18675
18825
18699
18762
18677
18826
18704
18691
18719
18665
18747
18685
18797
18748
18692
18785
18712
18797
18667
18824
18645
18705
18741
18686
18674
18805
18676
18804
18680
18827
18708
18785
18715
18685
18697
18786
18778
18686
18678
18743
18746
18675
18772
18779
18814
18664
18723
18746
18690
18734
18692
18803
18665
18681
18727
18674
18839
18677
18789
18664
18791
18697
18800
18803
18683
18493
18724
18779
18658
18862
18713
18765
18710
18714
18690
18885
18700
18770
18780
18695
18776
18704
18778
18697
18779
18697
18695
18764
18687
18802
18793
18705
18718
18701
18722
18711
18699
18793
18690
18748
18722
18799
18687
18693
18722
18696
18670
18683
18765
18686
18738
18688
18752
18683
18665
18757
18672
18731
18658
18778
18690
18633
18736
18689
18742
18697
18675
18759
18685
18519
18683
18782
18666
18676
18693
18779
18711
18777
18713
18650
18725
18691
18794
18704
18802
18735
18681
18731
18669
18698
18688
18782
18682
18804
18728
18670
18725
18701
18686
18667
18739
18678
18745
18678
18724
18666
18776
18715
18825
18647
18814
18674
18793
18708
18772
18724
18795
18700
18746
18791
18774
18566
18757
18734
18795
18645
18717
18722
18667
18807
18768
18840
18709
18693
18743
18716
18711
18634
18749
18706
18794
18754
18779
18786
18775
18690
18794
18730
18819
18765
18683
18736
18698
18748
18710
18772
18675
18763
18717
18691
18746
18705
18718
18715
18673
18759
18660
18737
18695
18724
18683
18754
18723
18824
18532
18665
18722
18685
18733
18681
18817
18746
18801
18734
18765
18801
18793
18691
18796
18680
18753
18713
18880
18780
18797
18677
18771
18674
18760
18713
18793
18683
18669
18735
18611
18793
18759
18683
18709
18714
18742
18670
18693
18707
18697
18821
18689
18693
18682
18720
18747
18722
18771
18719
18711
18651
18840
18700
18794
18729
18826
18735
18765
18715
18721
18865
18688
18654
18675
18780
18730
18669
18872
18696
18809
18716
18669
18715
18675
18700
18818
18697
18743
18687
18766
18857
18699
18821
18685
18718
18703
18730
18735
18688
18812
18728
18670
18747
18698
18807
18691
18798
18719
18660
1409421899